# JRE version: Java(TM) SE Runtime Environment (8.0_45-b15) (build 1.8.0_45-b15)
# Java VM: Java HotSpot(TM) 64-Bit Server VM (25.45-b02 mixed mode windows-amd64 compressed oops)
Heap:
 PSYoungGen      total 1002496K, used 305937K [0x000000076c180000, 0x00000007abc80000, 0x00000007c0000000)
  eden space 966656K, 28% used [0x000000076c180000,0x000000077cb64738,0x00000007a7180000)
  from space 35840K, 93% used [0x00000007a9980000,0x00000007aba60000,0x00000007abc80000)
  to   space 38400K, 0% used [0x00000007a7180000,0x00000007a7180000,0x00000007a9700000)
 ParOldGen       total 202752K, used 107396K [0x00000006c4400000, 0x00000006d0a00000, 0x000000076c180000)
  object space 202752K, 52% used [0x00000006c4400000,0x00000006cace11e8,0x00000006d0a00000)
 Metaspace       used 67493K, capacity 68363K, committed 68736K, reserved 1110016K
  class space    used 7766K, capacity 8083K, committed 8320K, reserved 1048576K
GC Heap History (10 events):
Event: 1371.106 GC heap before
{Heap before GC invocations=164 (full 4):
 PSYoungGen      total 925184K, used 921408K [0x000000076c180000, 0x00000007a8180000, 0x00000007c0000000)
  eden space 889344K, 100% used [0x000000076c180000,0x00000007a2600000,0x00000007a2600000)
  from space 35840K, 89% used [0x00000007a2600000,0x00000007a4550000,0x00000007a4900000)
  to   space 36352K, 0% used [0x00000007a5e00000,0x00000007a5e00000,0x00000007a8180000)
 ParOldGen       total 202752K, used 107132K [0x00000006c4400000, 0x00000006d0a00000, 0x000000076c180000)
  object space 202752K, 52% used [0x00000006c4400000,0x00000006cac9f1e8,0x00000006d0a00000)
 Metaspace       used 67493K, capacity 68363K, committed 68736K, reserved 1110016K
  class space    used 7766K, capacity 8083K, committed 8320K, reserved 1048576K
Event: 1371.132 GC heap after
Heap after GC invocations=164 (full 4):
 PSYoungGen      total 946176K, used 32352K [0x000000076c180000, 0x00000007a8300000, 0x00000007c0000000)
  eden space 909824K, 0% used [0x000000076c180000,0x000000076c180000,0x00000007a3a00000)
  from space 36352K, 88% used [0x00000007a5e00000,0x00000007a7d98020,0x00000007a8180000)
  to   space 36864K, 0% used [0x00000007a3a00000,0x00000007a3a00000,0x00000007a5e00000)
 ParOldGen       total 202752K, used 107180K [0x00000006c4400000, 0x00000006d0a00000, 0x000000076c180000)
  object space 202752K, 52% used [0x00000006c4400000,0x00000006cacab1e8,0x00000006d0a00000)
 Metaspace       used 67493K, capacity 68363K, committed 68736K, reserved 1110016K
  class space    used 7766K, capacity 8083K, committed 8320K, reserved 1048576K
}
Event: 1389.411 GC heap before
{Heap before GC invocations=165 (full 4):
 PSYoungGen      total 946176K, used 942176K [0x000000076c180000, 0x00000007a8300000, 0x00000007c0000000)
  eden space 909824K, 100% used [0x000000076c180000,0x00000007a3a00000,0x00000007a3a00000)
  from space 36352K, 88% used [0x00000007a5e00000,0x00000007a7d98020,0x00000007a8180000)
  to   space 36864K, 0% used [0x00000007a3a00000,0x00000007a3a00000,0x00000007a5e00000)
 ParOldGen       total 202752K, used 107180K [0x00000006c4400000, 0x00000006d0a00000, 0x000000076c180000)
  object space 202752K, 52% used [0x00000006c4400000,0x00000006cacab1e8,0x00000006d0a00000)
 Metaspace       used 67493K, capacity 68363K, committed 68736K, reserved 1110016K
  class space    used 7766K, capacity 8083K, committed 8320K, reserved 1048576K
Event: 1389.436 GC heap after
Heap after GC invocations=165 (full 4):
 PSYoungGen      total 946688K, used 32352K [0x000000076c180000, 0x00000007a9880000, 0x00000007c0000000)
  eden space 909824K, 0% used [0x000000076c180000,0x000000076c180000,0x00000007a3a00000)
  from space 36864K, 87% used [0x00000007a3a00000,0x00000007a5998000,0x00000007a5e00000)
  to   space 37376K, 0% used [0x00000007a7400000,0x00000007a7400000,0x00000007a9880000)
 ParOldGen       total 202752K, used 107228K [0x00000006c4400000, 0x00000006d0a00000, 0x000000076c180000)
  object space 202752K, 52% used [0x00000006c4400000,0x00000006cacb71e8,0x00000006d0a00000)
 Metaspace       used 67493K, capacity 68363K, committed 68736K, reserved 1110016K
  class space    used 7766K, capacity 8083K, committed 8320K, reserved 1048576K
}
Event: 1408.273 GC heap before
{Heap before GC invocations=166 (full 4):
 PSYoungGen      total 946688K, used 942176K [0x000000076c180000, 0x00000007a9880000, 0x00000007c0000000)
  eden space 909824K, 100% used [0x000000076c180000,0x00000007a3a00000,0x00000007a3a00000)
  from space 36864K, 87% used [0x00000007a3a00000,0x00000007a5998000,0x00000007a5e00000)
  to   space 37376K, 0% used [0x00000007a7400000,0x00000007a7400000,0x00000007a9880000)
 ParOldGen       total 202752K, used 107228K [0x00000006c4400000, 0x00000006d0a00000, 0x000000076c180000)
  object space 202752K, 52% used [0x00000006c4400000,0x00000006cacb71e8,0x00000006d0a00000)
 Metaspace       used 67493K, capacity 68363K, committed 68736K, reserved 1110016K
  class space    used 7766K, capacity 8083K, committed 8320K, reserved 1048576K
Event: 1408.300 GC heap after
Heap after GC invocations=166 (full 4):
 PSYoungGen      total 969216K, used 32192K [0x000000076c180000, 0x00000007a9880000, 0x00000007c0000000)
  eden space 931840K, 0% used [0x000000076c180000,0x000000076c180000,0x00000007a4f80000)
  from space 37376K, 86% used [0x00000007a7400000,0x00000007a9370010,0x00000007a9880000)
  to   space 37376K, 0% used [0x00000007a4f80000,0x00000007a4f80000,0x00000007a7400000)
 ParOldGen       total 202752K, used 107292K [0x00000006c4400000, 0x00000006d0a00000, 0x000000076c180000)
  object space 202752K, 52% used [0x00000006c4400000,0x00000006cacc71e8,0x00000006d0a00000)
 Metaspace       used 67493K, capacity 68363K, committed 68736K, reserved 1110016K
  class space    used 7766K, capacity 8083K, committed 8320K, reserved 1048576K
}
Event: 1426.713 GC heap before
{Heap before GC invocations=167 (full 4):
 PSYoungGen      total 969216K, used 964032K [0x000000076c180000, 0x00000007a9880000, 0x00000007c0000000)
  eden space 931840K, 100% used [0x000000076c180000,0x00000007a4f80000,0x00000007a4f80000)
  from space 37376K, 86% used [0x00000007a7400000,0x00000007a9370010,0x00000007a9880000)
  to   space 37376K, 0% used [0x00000007a4f80000,0x00000007a4f80000,0x00000007a7400000)
 ParOldGen       total 202752K, used 107292K [0x00000006c4400000, 0x00000006d0a00000, 0x000000076c180000)
  object space 202752K, 52% used [0x00000006c4400000,0x00000006cacc71e8,0x00000006d0a00000)
 Metaspace       used 67493K, capacity 68363K, committed 68736K, reserved 1110016K
  class space    used 7766K, capacity 8083K, committed 8320K, reserved 1048576K
Event: 1426.826 GC heap after
Heap after GC invocations=167 (full 4):
 PSYoungGen      total 969216K, used 33408K [0x000000076c180000, 0x00000007abe80000, 0x00000007c0000000)
  eden space 931840K, 0% used [0x000000076c180000,0x000000076c180000,0x00000007a4f80000)
  from space 37376K, 89% used [0x00000007a4f80000,0x00000007a7020010,0x00000007a7400000)
  to   space 37888K, 0% used [0x00000007a9980000,0x00000007a9980000,0x00000007abe80000)
 ParOldGen       total 202752K, used 107340K [0x00000006c4400000, 0x00000006d0a00000, 0x000000076c180000)
  object space 202752K, 52% used [0x00000006c4400000,0x00000006cacd31e8,0x00000006d0a00000)
 Metaspace       used 67493K, capacity 68363K, committed 68736K, reserved 1110016K
  class space    used 7766K, capacity 8083K, committed 8320K, reserved 1048576K
}
Event: 1446.045 GC heap before
{Heap before GC invocations=168 (full 4):
 PSYoungGen      total 969216K, used 965248K [0x000000076c180000, 0x00000007abe80000, 0x00000007c0000000)
  eden space 931840K, 100% used [0x000000076c180000,0x00000007a4f80000,0x00000007a4f80000)
  from space 37376K, 89% used [0x00000007a4f80000,0x00000007a7020010,0x00000007a7400000)
  to   space 37888K, 0% used [0x00000007a9980000,0x00000007a9980000,0x00000007abe80000)
 ParOldGen       total 202752K, used 107340K [0x00000006c4400000, 0x00000006d0a00000, 0x000000076c180000)
  object space 202752K, 52% used [0x00000006c4400000,0x00000006cacd31e8,0x00000006d0a00000)
 Metaspace       used 67493K, capacity 68363K, committed 68736K, reserved 1110016K
  class space    used 7766K, capacity 8083K, committed 8320K, reserved 1048576K
Event: 1446.076 GC heap after
Heap after GC invocations=168 (full 4):
 PSYoungGen      total 1002496K, used 33664K [0x000000076c180000, 0x00000007abc80000, 0x00000007c0000000)
  eden space 966656K, 0% used [0x000000076c180000,0x000000076c180000,0x00000007a7180000)
  from space 35840K, 93% used [0x00000007a9980000,0x00000007aba60000,0x00000007abc80000)
  to   space 38400K, 0% used [0x00000007a7180000,0x00000007a7180000,0x00000007a9700000)
 ParOldGen       total 202752K, used 107396K [0x00000006c4400000, 0x00000006d0a00000, 0x000000076c180000)
  object space 202752K, 52% used [0x00000006c4400000,0x00000006cace11e8,0x00000006d0a00000)
 Metaspace       used 67493K, capacity 68363K, committed 68736K, reserved 1110016K
  class space    used 7766K, capacity 8083K, committed 8320K, reserved 1048576K
}

