<?xml version="1.0" encoding="UTF-8" ?>
<testsuite failures="1" time="0.544" errors="1" skipped="0" tests="6" name="safe.reader.TestSumoSafeReader">
  <properties>
[...]
</properties>
  <testcase time="0.381" classname="safe.reader.TestSumoSafeReader" name="testGetMesasurementFilesFromSafe"/>
  <testcase time="0" classname="safe.reader.TestSumoSafeReader" name="testGetPolarizations"/>
  <testcase time="0.002" classname="safe.reader.TestSumoSafeReader" name="readGeneralProductInformation">
    <error message="Namespace with prefix &apos;def&apos; has not been declared." type="java.lang.IllegalArgumentException">java.lang.IllegalArgumentException: Namespace with prefix &apos;def&apos; has not been declared.
	at org.jdom2.xpath.util.AbstractXPathCompiled.getNamespace(AbstractXPathCompiled.java:241)
	at org.jdom2.xpath.jaxen.JaxenCompiled.translateNamespacePrefixToUri(JaxenCompiled.java:161)
	at org.jaxen.ContextSupport.translateNamespacePrefixToUri(ContextSupport.java:190)
	at org.jaxen.expr.DefaultNameStep.matches(DefaultNameStep.java:356)
	at org.jaxen.expr.DefaultNameStep.evaluate(DefaultNameStep.java:209)
	at org.jaxen.expr.DefaultLocationPath.evaluate(DefaultLocationPath.java:140)
	at org.jaxen.expr.DefaultAbsoluteLocationPath.evaluate(DefaultAbsoluteLocationPath.java:113)
	at org.jaxen.expr.DefaultXPathExpr.asList(DefaultXPathExpr.java:102)
	at org.jaxen.BaseXPath.selectNodesForContext(BaseXPath.java:677)
	at org.jaxen.BaseXPath.selectNodes(BaseXPath.java:216)
	at org.jaxen.BaseXPath.selectSingleNode(BaseXPath.java:237)
	at org.jdom2.xpath.jaxen.JaxenCompiled.evaluateRawFirst(JaxenCompiled.java:198)
	at org.jdom2.xpath.util.AbstractXPathCompiled.evaluateFirst(AbstractXPathCompiled.java:327)
	at safe.reader.SumoSafeReader.readGeneralProductInformation(SumoSafeReader.java:96)
	at safe.reader.TestSumoSafeReader.readGeneralProductInformation(TestSumoSafeReader.java:85)
	at sun.reflect.NativeMethodAccessorImpl.invoke0(Native Method)
	at sun.reflect.NativeMethodAccessorImpl.invoke(NativeMethodAccessorImpl.java:57)
	at sun.reflect.DelegatingMethodAccessorImpl.invoke(DelegatingMethodAccessorImpl.java:43)
	at java.lang.reflect.Method.invoke(Method.java:601)
	at org.junit.runners.model.FrameworkMethod$1.runReflectiveCall(FrameworkMethod.java:47)
	at org.junit.internal.runners.model.ReflectiveCallable.run(ReflectiveCallable.java:12)
	at org.junit.runners.model.FrameworkMethod.invokeExplosively(FrameworkMethod.java:44)
	at org.junit.internal.runners.statements.InvokeMethod.evaluate(InvokeMethod.java:17)
	at org.junit.internal.runners.statements.RunBefores.evaluate(RunBefores.java:26)
	at org.junit.internal.runners.statements.RunAfters.evaluate(RunAfters.java:27)
	at org.junit.runners.ParentRunner.runLeaf(ParentRunner.java:271)
	at org.junit.runners.BlockJUnit4ClassRunner.runChild(BlockJUnit4ClassRunner.java:70)
	at org.junit.runners.BlockJUnit4ClassRunner.runChild(BlockJUnit4ClassRunner.java:50)
	at org.junit.runners.ParentRunner$3.run(ParentRunner.java:238)
	at org.junit.runners.ParentRunner$1.schedule(ParentRunner.java:63)
	at org.junit.runners.ParentRunner.runChildren(ParentRunner.java:236)
	at org.junit.runners.ParentRunner.access$000(ParentRunner.java:53)
	at org.junit.runners.ParentRunner$2.evaluate(ParentRunner.java:229)
	at org.junit.internal.runners.statements.RunBefores.evaluate(RunBefores.java:26)
	at org.junit.internal.runners.statements.RunAfters.evaluate(RunAfters.java:27)
	at org.junit.runners.ParentRunner.run(ParentRunner.java:309)
	at org.apache.maven.surefire.junit4.JUnit4Provider.execute(JUnit4Provider.java:252)
	at org.apache.maven.surefire.junit4.JUnit4Provider.executeTestSet(JUnit4Provider.java:141)
	at org.apache.maven.surefire.junit4.JUnit4Provider.invoke(JUnit4Provider.java:112)
	at sun.reflect.NativeMethodAccessorImpl.invoke0(Native Method)
	at sun.reflect.NativeMethodAccessorImpl.invoke(NativeMethodAccessorImpl.java:57)
	at sun.reflect.DelegatingMethodAccessorImpl.invoke(DelegatingMethodAccessorImpl.java:43)
	at java.lang.reflect.Method.invoke(Method.java:601)
	at org.apache.maven.surefire.util.ReflectionUtils.invokeMethodWithArray(ReflectionUtils.java:189)
	at org.apache.maven.surefire.booter.ProviderFactory$ProviderProxy.invoke(ProviderFactory.java:165)
	at org.apache.maven.surefire.booter.ProviderFactory.invokeProvider(ProviderFactory.java:85)
	at org.apache.maven.surefire.booter.ForkedBooter.runSuitesInProcess(ForkedBooter.java:115)
	at org.apache.maven.surefire.booter.ForkedBooter.main(ForkedBooter.java:75)
</error>
  </testcase>
  <testcase time="0" classname="safe.reader.TestSumoSafeReader" name="testSumoSafeReader"/>
  <testcase time="0.031" classname="safe.reader.TestSumoSafeReader" name="testGetMesasurementFiles"/>
  <testcase time="0.13" classname="safe.reader.TestSumoSafeReader" name="testReadGeneralProductInformation">
    <failure message="Namespace with prefix &apos;def&apos; has not been declared." type="java.lang.AssertionError">java.lang.AssertionError: Namespace with prefix &apos;def&apos; has not been declared.
	at org.junit.Assert.fail(Assert.java:88)
	at safe.reader.TestSumoSafeReader.testReadGeneralProductInformation(TestSumoSafeReader.java:112)
	at sun.reflect.NativeMethodAccessorImpl.invoke0(Native Method)
	at sun.reflect.NativeMethodAccessorImpl.invoke(NativeMethodAccessorImpl.java:57)
	at sun.reflect.DelegatingMethodAccessorImpl.invoke(DelegatingMethodAccessorImpl.java:43)
	at java.lang.reflect.Method.invoke(Method.java:601)
	at org.junit.runners.model.FrameworkMethod$1.runReflectiveCall(FrameworkMethod.java:47)
	at org.junit.internal.runners.model.ReflectiveCallable.run(ReflectiveCallable.java:12)
	at org.junit.runners.model.FrameworkMethod.invokeExplosively(FrameworkMethod.java:44)
	at org.junit.internal.runners.statements.InvokeMethod.evaluate(InvokeMethod.java:17)
	at org.junit.internal.runners.statements.RunBefores.evaluate(RunBefores.java:26)
	at org.junit.internal.runners.statements.RunAfters.evaluate(RunAfters.java:27)
	at org.junit.runners.ParentRunner.runLeaf(ParentRunner.java:271)
	at org.junit.runners.BlockJUnit4ClassRunner.runChild(BlockJUnit4ClassRunner.java:70)
	at org.junit.runners.BlockJUnit4ClassRunner.runChild(BlockJUnit4ClassRunner.java:50)
	at org.junit.runners.ParentRunner$3.run(ParentRunner.java:238)
	at org.junit.runners.ParentRunner$1.schedule(ParentRunner.java:63)
	at org.junit.runners.ParentRunner.runChildren(ParentRunner.java:236)
	at org.junit.runners.ParentRunner.access$000(ParentRunner.java:53)
	at org.junit.runners.ParentRunner$2.evaluate(ParentRunner.java:229)
	at org.junit.internal.runners.statements.RunBefores.evaluate(RunBefores.java:26)
	at org.junit.internal.runners.statements.RunAfters.evaluate(RunAfters.java:27)
	at org.junit.runners.ParentRunner.run(ParentRunner.java:309)
	at org.apache.maven.surefire.junit4.JUnit4Provider.execute(JUnit4Provider.java:252)
	at org.apache.maven.surefire.junit4.JUnit4Provider.executeTestSet(JUnit4Provider.java:141)
	at org.apache.maven.surefire.junit4.JUnit4Provider.invoke(JUnit4Provider.java:112)
	at sun.reflect.NativeMethodAccessorImpl.invoke0(Native Method)
	at sun.reflect.NativeMethodAccessorImpl.invoke(NativeMethodAccessorImpl.java:57)
	at sun.reflect.DelegatingMethodAccessorImpl.invoke(DelegatingMethodAccessorImpl.java:43)
	at java.lang.reflect.Method.invoke(Method.java:601)
	at org.apache.maven.surefire.util.ReflectionUtils.invokeMethodWithArray(ReflectionUtils.java:189)
	at org.apache.maven.surefire.booter.ProviderFactory$ProviderProxy.invoke(ProviderFactory.java:165)
	at org.apache.maven.surefire.booter.ProviderFactory.invokeProvider(ProviderFactory.java:85)
	at org.apache.maven.surefire.booter.ForkedBooter.runSuitesInProcess(ForkedBooter.java:115)
	at org.apache.maven.surefire.booter.ForkedBooter.main(ForkedBooter.java:75)
</failure>
    <system-err>java.lang.IllegalArgumentException: Namespace with prefix &apos;def&apos; has not been declared.
	at org.jdom2.xpath.util.AbstractXPathCompiled.getNamespace(AbstractXPathCompiled.java:241)
	at org.jdom2.xpath.jaxen.JaxenCompiled.translateNamespacePrefixToUri(JaxenCompiled.java:161)
	at org.jaxen.ContextSupport.translateNamespacePrefixToUri(ContextSupport.java:190)
	at org.jaxen.expr.DefaultNameStep.matches(DefaultNameStep.java:356)
	at org.jaxen.expr.DefaultNameStep.evaluate(DefaultNameStep.java:209)
	at org.jaxen.expr.DefaultLocationPath.evaluate(DefaultLocationPath.java:140)
	at org.jaxen.expr.DefaultAbsoluteLocationPath.evaluate(DefaultAbsoluteLocationPath.java:113)
	at org.jaxen.expr.DefaultXPathExpr.asList(DefaultXPathExpr.java:102)
	at org.jaxen.BaseXPath.selectNodesForContext(BaseXPath.java:677)
	at org.jaxen.BaseXPath.selectNodes(BaseXPath.java:216)
	at org.jaxen.BaseXPath.selectSingleNode(BaseXPath.java:237)
	at org.jdom2.xpath.jaxen.JaxenCompiled.evaluateRawFirst(JaxenCompiled.java:198)
	at org.jdom2.xpath.util.AbstractXPathCompiled.evaluateFirst(AbstractXPathCompiled.java:327)
	at safe.reader.SumoSafeReader.readGeneralProductInformation(SumoSafeReader.java:96)
	at safe.reader.TestSumoSafeReader.testReadGeneralProductInformation(TestSumoSafeReader.java:105)
	at sun.reflect.NativeMethodAccessorImpl.invoke0(Native Method)
	at sun.reflect.NativeMethodAccessorImpl.invoke(NativeMethodAccessorImpl.java:57)
	at sun.reflect.DelegatingMethodAccessorImpl.invoke(DelegatingMethodAccessorImpl.java:43)
	at java.lang.reflect.Method.invoke(Method.java:601)
	at org.junit.runners.model.FrameworkMethod$1.runReflectiveCall(FrameworkMethod.java:47)
	at org.junit.internal.runners.model.ReflectiveCallable.run(ReflectiveCallable.java:12)
	at org.junit.runners.model.FrameworkMethod.invokeExplosively(FrameworkMethod.java:44)
	at org.junit.internal.runners.statements.InvokeMethod.evaluate(InvokeMethod.java:17)
	at org.junit.internal.runners.statements.RunBefores.evaluate(RunBefores.java:26)
	at org.junit.internal.runners.statements.RunAfters.evaluate(RunAfters.java:27)
	at org.junit.runners.ParentRunner.runLeaf(ParentRunner.java:271)
	at org.junit.runners.BlockJUnit4ClassRunner.runChild(BlockJUnit4ClassRunner.java:70)
	at org.junit.runners.BlockJUnit4ClassRunner.runChild(BlockJUnit4ClassRunner.java:50)
	at org.junit.runners.ParentRunner$3.run(ParentRunner.java:238)
	at org.junit.runners.ParentRunner$1.schedule(ParentRunner.java:63)
	at org.junit.runners.ParentRunner.runChildren(ParentRunner.java:236)
	at org.junit.runners.ParentRunner.access$000(ParentRunner.java:53)
	at org.junit.runners.ParentRunner$2.evaluate(ParentRunner.java:229)
	at org.junit.internal.runners.statements.RunBefores.evaluate(RunBefores.java:26)
	at org.junit.internal.runners.statements.RunAfters.evaluate(RunAfters.java:27)
	at org.junit.runners.ParentRunner.run(ParentRunner.java:309)
	at org.apache.maven.surefire.junit4.JUnit4Provider.execute(JUnit4Provider.java:252)
	at org.apache.maven.surefire.junit4.JUnit4Provider.executeTestSet(JUnit4Provider.java:141)
	at org.apache.maven.surefire.junit4.JUnit4Provider.invoke(JUnit4Provider.java:112)
	at sun.reflect.NativeMethodAccessorImpl.invoke0(Native Method)
	at sun.reflect.NativeMethodAccessorImpl.invoke(NativeMethodAccessorImpl.java:57)
	at sun.reflect.DelegatingMethodAccessorImpl.invoke(DelegatingMethodAccessorImpl.java:43)
	at java.lang.reflect.Method.invoke(Method.java:601)
	at org.apache.maven.surefire.util.ReflectionUtils.invokeMethodWithArray(ReflectionUtils.java:189)
	at org.apache.maven.surefire.booter.ProviderFactory$ProviderProxy.invoke(ProviderFactory.java:165)
	at org.apache.maven.surefire.booter.ProviderFactory.invokeProvider(ProviderFactory.java:85)
	at org.apache.maven.surefire.booter.ForkedBooter.runSuitesInProcess(ForkedBooter.java:115)
	at org.apache.maven.surefire.booter.ForkedBooter.main(ForkedBooter.java:75)
</system-err>
  </testcase>
</testsuite>